{
  message: 'Database Connect Successfully',
  level: 'info',
  label: 'UN-Auth',
  timestamp: '2023-06-24T17:48:08.539Z'
}
{
  message: 'Application is running on port 5000',
  level: 'info',
  label: 'UN-Auth',
  timestamp: '2023-06-24T17:48:08.552Z'
}
{
  message: 'Database Connect Successfully',
  level: 'info',
  label: 'UN-Auth',
  timestamp: '2023-06-24T17:51:34.021Z'
}
{
  message: 'Application is running on port 5000',
  level: 'info',
  label: 'UN-Auth',
  timestamp: '2023-06-24T17:51:34.038Z'
}
Sat Jun 24 2023 23:54:15 [UN-Auth] info: Database Connect Successfully
Sat Jun 24 2023 23:54:15 [UN-Auth] info: Application is running on port 5000
Sat Jun 24 2023 23:58:30 [UN-Auth] info: Database Connect Successfully
Sat Jun 24 2023 23:58:30 [UN-Auth] info: Application is running on port 5000
